<?xml version="1.0" encoding="UTF-8"?>
<!-- Generated by org.testng.reporters.JUnitReportReporter -->
<testsuite hostname="Ranjith" failures="0" tests="3" name="com.example.javaTraining.SampleTest" time="13.138" errors="0" timestamp="2025-01-17T12:46:58 EST" skipped="0">
  <testcase classname="com.example.javaTraining.SampleTest" name="FirefoxTest" time="7.879"/>
  <testcase classname="com.example.javaTraining.SampleTest" name="openGoogle2" time="2.847"/>
  <testcase classname="com.example.javaTraining.SampleTest" name="openGoogle" time="2.412"/>
</testsuite> <!-- com.example.javaTraining.SampleTest -->
