<?xml version="1.0" encoding="UTF-8"?>
<!-- Generated by org.testng.reporters.JUnitReportReporter -->
<testsuite hostname="Ranjith" failures="0" tests="1" name="com.example.javaTraining.SampleTest" time="4.763" errors="0" timestamp="2024-12-20T19:29:21 EST" skipped="0">
  <testcase classname="com.example.javaTraining.SampleTest" name="openGoogle" time="4.763"/>
</testsuite> <!-- com.example.javaTraining.SampleTest -->
